{
  "0 debug pnpm:scope": {
    "selected": 1
  },
  "1 debug pnpm:package-manifest": {
    "initial": {},
    "prefix": "/Users/puria/.pnpm-store/v3/tmp/_npx/27296/5"
  },
  "2 debug pnpm:context": {
    "currentLockfileExists": false,
    "storeDir": "/Users/puria/.pnpm-store/v3",
    "virtualStoreDir": "/Users/puria/.pnpm-store/v3/tmp/_npx/27296/5/node_modules/.pnpm"
  },
  "3 debug pnpm:stage": {
    "prefix": "/Users/puria/.pnpm-store/v3/tmp/_npx/27296/5",
    "stage": "resolution_started"
  },
  "4 error pnpm": {
    "code": "ERR_PNPM_FETCH_404",
    "hint": "gcap is not in the npm registry, or you have no permission to fetch it.\n\nNo authorization header was set for the request.",
    "request": {
      "url": "https://registry.npmjs.org/gcap"
    },
    "response": {
      "size": 0
    },
    "pkgName": "gcap",
    "pkgsStack": [],
    "err": {
      "name": "pnpm",
      "message": "GET https://registry.npmjs.org/gcap: Not Found - 404",
      "code": "ERR_PNPM_FETCH_404",
      "stack": "pnpm: GET https://registry.npmjs.org/gcap: Not Found - 404\n    at RetryOperation._fn (/Users/puria/.asdf/installs/nodejs/16.2.0/.npm/pnpm-global/5/node_modules/.pnpm/pnpm@6.15.1/node_modules/pnpm/dist/pnpm.cjs:84821:18)\n    at processTicksAndRejections (node:internal/process/task_queues:96:5)"
    }
  }
}